<?xml version="1.0" encoding="UTF-8"?>
<!-- Generated by org.testng.reporters.JUnitXMLReporter -->
<testsuite ignored="2" hostname="DESKTOP-PQG2RVD" failures="0" tests="4" name="Test" time="0.061" errors="0" timestamp="2024-03-05T15:27:45 IST">
  <testcase classname="maven.Sample" name="test1" time="0.014"/>
  <testcase classname="maven.Sample" name="test3" time="0.002"/>
  <testcase classname="maven.Sample1" name="test4" time="0.001"/>
  <testcase classname="maven.Sample1" name="test6" time="0.002"/>
  <testcase classname="maven.Sample" name="test2" time="0.0">
    <ignored/>
  </testcase> <!-- test2 -->
  <testcase classname="maven.Sample1" name="test5" time="0.0">
    <ignored/>
  </testcase> <!-- test5 -->
</testsuite> <!-- Test -->
