<?xml version="1.0" encoding="UTF-8"?>
<testng-results ignored="2" total="6" passed="4" failed="0" skipped="0">
  <reporter-output>
  </reporter-output>
  <suite started-at="2024-03-05T15:27:45 IST" name="Suite" finished-at="2024-03-05T15:27:45 IST" duration-ms="61">
    <groups>
      <group name="Smoke">
        <method signature="Sample.test1()[pri:0, instance:maven.Sample@66d3eec0]" name="test1" class="maven.Sample"/>
        <method signature="Sample.test3()[pri:0, instance:maven.Sample@66d3eec0]" name="test3" class="maven.Sample"/>
        <method signature="Sample1.test4()[pri:0, instance:maven.Sample1@54bff557]" name="test4" class="maven.Sample1"/>
        <method signature="Sample1.test6()[pri:0, instance:maven.Sample1@54bff557]" name="test6" class="maven.Sample1"/>
      </group> <!-- Smoke -->
    </groups>
    <test started-at="2024-03-05T15:27:45 IST" name="Test" finished-at="2024-03-05T15:27:45 IST" duration-ms="61">
      <class name="maven.Sample">
        <test-method signature="test1()[pri:0, instance:maven.Sample@66d3eec0]" started-at="2024-03-05T15:27:45 IST" name="test1" finished-at="2024-03-05T15:27:45 IST" duration-ms="14" status="PASS">
          <reporter-output>
          </reporter-output>
        </test-method> <!-- test1 -->
        <test-method signature="test3()[pri:0, instance:maven.Sample@66d3eec0]" started-at="2024-03-05T15:27:45 IST" name="test3" finished-at="2024-03-05T15:27:45 IST" duration-ms="2" status="PASS">
          <reporter-output>
          </reporter-output>
        </test-method> <!-- test3 -->
      </class> <!-- maven.Sample -->
      <class name="maven.Sample1">
        <test-method signature="test4()[pri:0, instance:maven.Sample1@54bff557]" started-at="2024-03-05T15:27:45 IST" name="test4" finished-at="2024-03-05T15:27:45 IST" duration-ms="1" status="PASS">
          <reporter-output>
          </reporter-output>
        </test-method> <!-- test4 -->
        <test-method signature="test6()[pri:0, instance:maven.Sample1@54bff557]" started-at="2024-03-05T15:27:45 IST" name="test6" finished-at="2024-03-05T15:27:45 IST" duration-ms="2" status="PASS">
          <reporter-output>
          </reporter-output>
        </test-method> <!-- test6 -->
      </class> <!-- maven.Sample1 -->
    </test> <!-- Test -->
  </suite> <!-- Suite -->
</testng-results>
